SIMAN Run Controller.

2950.4748 Minutes>SIMAN Run Controller.

2955.0 Minutes>SIMAN Run Controller.

2968.5179 Minutes>SIMAN Run Controller.

7140.0 Minutes>
7140.0 Minutes>
                                      ARENA Simulation Results
                                      sjkan - License: STUDENT

                                  Summary for Replication 1 of 10

Project: Unnamed Project                                             Run execution date : 7/12/2023
Analyst: hi                                                          Model revision date: 7/12/2023

Replication ended at time      : 7140.0 Minutes 
Base Time Units: Minutes

                                           TALLY VARIABLES

Identifier                                  Average   Half Width  Minimum    Maximum   Observations
___________________________________________________________________________________________________

Bongeun7__.VATime                           1.0000     (Insuf)    1.0000     1.0000         62    
Bongeun7__.NVATime                          .00000     (Insuf)    .00000     .00000         62    
Bongeun7__.WaitTime                         83.002     (Insuf)    .00000     353.56         62    
Bongeun7__.TranTime                         46.189     (Insuf)    2.7170     113.05         62    
Bongeun7__.OtherTime                        .00000     (Insuf)    .00000     .00000         62    
Bongeun7__.TotalTime                        130.19     (Insuf)    3.7170     430.60         62    
Entity 1.VATime                             .00000     (Insuf)    .00000     .00000          5    
Entity 1.NVATime                            .00000     (Insuf)    .00000     .00000          5    
Entity 1.WaitTime                           .00000     (Insuf)    .00000     .00000          5    
Entity 1.TranTime                           .00000     (Insuf)    .00000     .00000          5    
Entity 1.OtherTime                          .00000     (Insuf)    .00000     .00000          5    
Entity 1.TotalTime                          .00000     (Insuf)    .00000     .00000          5    
SH__.VATime                                 .38235     (Insuf)    .00000     1.0000         34    
SH__.NVATime                                .00000     (Insuf)    .00000     .00000         34    
SH__.WaitTime                               18.546     (Insuf)    .00000     200.04         34    
SH__.TranTime                               18.269     (Insuf)    .00000     119.42         34    
SH__.OtherTime                              .00000     (Insuf)    .00000     .00000         34    
SH__.TotalTime                              37.197     (Insuf)    .00000     222.12         34    
Hyun Apt__.VATime                           1.0000     (Insuf)    1.0000     1.0000         59    
Hyun Apt__.NVATime                          .00000     (Insuf)    .00000     .00000         59    
Hyun Apt__.WaitTime                         62.596     (Insuf)    .00000     348.06         59    
Hyun Apt__.TranTime                         55.560     (Insuf)    4.8194     167.06         59    
Hyun Apt__.OtherTime                        .00000     (Insuf)    .00000     .00000         59    
Hyun Apt__.TotalTime                        119.15     (Insuf)    5.8194     402.76         59    
Apgujeong__.VATime                          1.0000     (Insuf)    1.0000     1.0000         90    
Apgujeong__.NVATime                         .00000     (Insuf)    .00000     .00000         90    
Apgujeong__.WaitTime                        91.024     (Insuf)    .00000     328.00         90    
Apgujeong__.TranTime                        56.031     (Insuf)    2.2468     239.62         90    
Apgujeong__.OtherTime                       .00000     (Insuf)    .00000     .00000         90    
Apgujeong__.TotalTime                       148.05     (Insuf)    5.8892     430.57         90    
HyunHS__.VATime                             1.0000     (Insuf)    1.0000     1.0000         74    
HyunHS__.NVATime                            .00000     (Insuf)    .00000     .00000         74    
HyunHS__.WaitTime                           77.051     (Insuf)    .00000     352.71         74    
HyunHS__.TranTime                           60.909     (Insuf)    2.7696     178.43         74    
HyunHS__.OtherTime                          .00000     (Insuf)    .00000     .00000         74    
HyunHS__.TotalTime                          138.96     (Insuf)    3.7696     532.14         74    
usage time of Ttareungyi from Hapt.Queue.W  71.362     (Insuf)    .00000     348.06         62    
usage time of Ttareungyi from HHS.Queue.Wa  77.051     (Insuf)    .00000     352.71         74    
usage time of Ttareungyi from Apg.Queue.Wa  93.476     (Insuf)    .00000     328.00         91    
usage time of Ttareungyi from B7.Queue.Wai  77.023     (Insuf)    .00000     353.56         75    

                                     DISCRETE-CHANGE VARIABLES

Identifier                                  Average   Half Width  Minimum    Maximum   Final Value
___________________________________________________________________________________________________

SH_bike resource                            12.000     (Insuf)    12.000     12.000     12.000    
ticket earned                               1.8728E+05 (Insuf)    .00000     4.0200E+05 4.0200E+05
Apg_bike resource                           10.227     (Insuf)    1.0000     18.000     11.000    
HHS_bike resource                           11.783     (Insuf)    2.0000     18.000     13.000    
mean additoinal walking min                 6.6105     (Insuf)    .00000     10.585     10.291    
co2 save amount                             483.36     (Insuf)    .00000     1010.2     1010.2    
co2 save money                              19334.     (Insuf)    .00000     40409.     40409.    
Hapt_bike resource                          9.9811     (Insuf)    4.0000     12.000     6.0000    
B7_bike resource                            9.1301     (Insuf)    4.0000     12.000     9.0000    
worker salary                               1.4958E+07 (Insuf)    1.4958E+07 1.4958E+07 1.4958E+07
¿î¿µºñ                                      1.6400E+07 (Insuf)    1.6400E+07 1.6400E+07 1.6400E+07
Rejected Number                             9.2784     (Insuf)    .00000     21.000     21.000    
additional walking cost                     64.047     (Insuf)    .00000     205.83     205.83    
total profit                                -3.120e+07 (Corr)     -3.136e+07 -3.102e+07 -3.102e+07
Bongeun7__.WIP                              1.1305     (Insuf)    .00000     6.0000     .00000    
Entity 1.WIP                                .00000     (Insuf)    .00000     1.0000     .00000    
SH__.WIP                                    .17713     (Insuf)    .00000     3.0000     .00000    
Hyun Apt__.WIP                              1.0977     (Insuf)    .00000     7.0000     3.0000    
Apgujeong__.WIP                             1.9231     (Insuf)    .00000     9.0000     1.0000    
HyunHS__.WIP                                1.4402     (Insuf)    .00000     8.0000     .00000    
HHS_bike.NumberBusy                         .01036     (Insuf)    .00000     8.0000     .00000    
HHS_bike.NumberScheduled                    11.777     (Insuf)    2.0000     18.000     13.000    
HHS_bike.Utilization                        9.5563E-04 (Insuf)    .00000     .80000     .00000    
SH_bike.NumberBusy                          .00000     (Insuf)    .00000     .00000     .00000    
SH_bike.NumberScheduled                     12.000     (Insuf)    12.000     12.000     12.000    
SH_bike.Utilization                         .00000     (Insuf)    .00000     .00000     .00000    
Apg_bike.NumberBusy                         .01275     (Insuf)    .00000     9.0000     .00000    
Apg_bike.NumberScheduled                    10.184     (Insuf)    1.0000     17.000     10.000    
Apg_bike.Utilization                        .00137     (Insuf)    .00000     .80000     .00000    
Hapt_bike.NumberBusy                        .00868     (Insuf)    .00000     5.0000     .00000    
Hapt_bike.NumberScheduled                   9.9937     (Insuf)    5.0000     12.000     6.0000    
Hapt_bike.Utilization                       8.9397E-04 (Insuf)    .00000     .41667     .00000    
B7_bike.NumberBusy                          .01050     (Insuf)    .00000     6.0000     .00000    
B7_bike.NumberScheduled                     9.1218     (Insuf)    4.0000     12.000     9.0000    
B7_bike.Utilization                         .00116     (Insuf)    .00000     .60000     .00000    
usage time of Ttareungyi from Hapt.Queue.N  .61967     (Insuf)    .00000     5.0000     .00000    
usage time of Ttareungyi from HHS.Queue.Nu  .79857     (Insuf)    .00000     8.0000     .00000    
usage time of Ttareungyi from Apg.Queue.Nu  1.1913     (Insuf)    .00000     9.0000     .00000    
usage time of Ttareungyi from B7.Queue.Num  .80907     (Insuf)    .00000     6.0000     .00000    

                                             COUNTERS

Identifier                                    Count   Limit
_____________________________________________________________

RejectedHapt                                      0  Infinite
RejectedHHS                                       0  Infinite
RejectedB7                                        0  Infinite
RejectedSH                                       21  Infinite
RejectedApg                                       0  Infinite

                                             OUTPUTS

Identifier                                   Value
_____________________________________________________________

Bongeun7__.NumberIn                         62.000    
Bongeun7__.NumberOut                        62.000    
Entity 1.NumberIn                           5.0000    
Entity 1.NumberOut                          5.0000    
SH__.NumberIn                               34.000    
SH__.NumberOut                              34.000    
Hyun Apt__.NumberIn                         62.000    
Hyun Apt__.NumberOut                        59.000    
Apgujeong__.NumberIn                        91.000    
Apgujeong__.NumberOut                       90.000    
HyunHS__.NumberIn                           74.000    
HyunHS__.NumberOut                          74.000    
HHS_bike.NumberSeized                       74.000    
HHS_bike.ScheduledUtilization               8.8001E-04
SH_bike.NumberSeized                        .00000    
SH_bike.ScheduledUtilization                .00000    
Apg_bike.NumberSeized                       91.000    
Apg_bike.ScheduledUtilization               .00125    
Hapt_bike.NumberSeized                      62.000    
Hapt_bike.ScheduledUtilization              8.6889E-04
B7_bike.NumberSeized                        75.000    
B7_bike.ScheduledUtilization                .00115    
System.NumberOut                            324.00    

